# JRE version: Java(TM) SE Runtime Environment (8.0_91-b15) (build 1.8.0_91-b15)
# Java VM: Java HotSpot(TM) 64-Bit Server VM (25.91-b15 mixed mode windows-amd64 compressed oops)
Heap:
 PSYoungGen      total 197120K, used 86821K [0x000000076c600000, 0x0000000779880000, 0x00000007c0000000)
  eden space 183296K, 39% used [0x000000076c600000,0x0000000770d4fe50,0x0000000777900000)
  from space 13824K, 99% used [0x0000000778800000,0x00000007795799a0,0x0000000779580000)
  to   space 15360K, 0% used [0x0000000777900000,0x0000000777900000,0x0000000778800000)
 ParOldGen       total 168960K, used 17175K [0x00000006c5200000, 0x00000006cf700000, 0x000000076c600000)
  object space 168960K, 10% used [0x00000006c5200000,0x00000006c62c5cc8,0x00000006cf700000)
 Metaspace       used 41379K, capacity 42892K, committed 43352K, reserved 1087488K
  class space    used 5277K, capacity 5598K, committed 5720K, reserved 1048576K
GC Heap History (10 events):
Event: 7.529 GC heap before
{Heap before GC invocations=6 (full 1):
 PSYoungGen      total 100352K, used 99869K [0x000000076c600000, 0x0000000775500000, 0x00000007c0000000)
  eden space 93696K, 100% used [0x000000076c600000,0x0000000772180000,0x0000000772180000)
  from space 6656K, 92% used [0x0000000774e80000,0x0000000775487690,0x0000000775500000)
  to   space 10752K, 0% used [0x0000000774000000,0x0000000774000000,0x0000000774a80000)
 ParOldGen       total 105472K, used 8125K [0x00000006c5200000, 0x00000006cb900000, 0x000000076c600000)
  object space 105472K, 7% used [0x00000006c5200000,0x00000006c59ef740,0x00000006cb900000)
 Metaspace       used 26351K, capacity 27166K, committed 27392K, reserved 1073152K
  class space    used 3338K, capacity 3515K, committed 3584K, reserved 1048576K
Event: 7.539 GC heap after
Heap after GC invocations=6 (full 1):
 PSYoungGen      total 135680K, used 8906K [0x000000076c600000, 0x0000000775b80000, 0x00000007c0000000)
  eden space 124928K, 0% used [0x000000076c600000,0x000000076c600000,0x0000000774000000)
  from space 10752K, 82% used [0x0000000774000000,0x00000007748b2938,0x0000000774a80000)
  to   space 10240K, 0% used [0x0000000775180000,0x0000000775180000,0x0000000775b80000)
 ParOldGen       total 105472K, used 8133K [0x00000006c5200000, 0x00000006cb900000, 0x000000076c600000)
  object space 105472K, 7% used [0x00000006c5200000,0x00000006c59f1740,0x00000006cb900000)
 Metaspace       used 26351K, capacity 27166K, committed 27392K, reserved 1073152K
  class space    used 3338K, capacity 3515K, committed 3584K, reserved 1048576K
}
Event: 10.219 GC heap before
{Heap before GC invocations=7 (full 1):
 PSYoungGen      total 135680K, used 133834K [0x000000076c600000, 0x0000000775b80000, 0x00000007c0000000)
  eden space 124928K, 100% used [0x000000076c600000,0x0000000774000000,0x0000000774000000)
  from space 10752K, 82% used [0x0000000774000000,0x00000007748b2938,0x0000000774a80000)
  to   space 10240K, 0% used [0x0000000775180000,0x0000000775180000,0x0000000775b80000)
 ParOldGen       total 105472K, used 8133K [0x00000006c5200000, 0x00000006cb900000, 0x000000076c600000)
  object space 105472K, 7% used [0x00000006c5200000,0x00000006c59f1740,0x00000006cb900000)
 Metaspace       used 31454K, capacity 32480K, committed 32768K, reserved 1077248K
  class space    used 3998K, capacity 4232K, committed 4352K, reserved 1048576K
Event: 10.235 GC heap after
Heap after GC invocations=7 (full 1):
 PSYoungGen      total 140800K, used 10228K [0x000000076c600000, 0x0000000778780000, 0x00000007c0000000)
  eden space 130560K, 0% used [0x000000076c600000,0x000000076c600000,0x0000000774580000)
  from space 10240K, 99% used [0x0000000775180000,0x0000000775b7d210,0x0000000775b80000)
  to   space 12288K, 0% used [0x0000000774580000,0x0000000774580000,0x0000000775180000)
 ParOldGen       total 105472K, used 10479K [0x00000006c5200000, 0x00000006cb900000, 0x000000076c600000)
  object space 105472K, 9% used [0x00000006c5200000,0x00000006c5c3be58,0x00000006cb900000)
 Metaspace       used 31454K, capacity 32480K, committed 32768K, reserved 1077248K
  class space    used 3998K, capacity 4232K, committed 4352K, reserved 1048576K
}
Event: 11.267 GC heap before
{Heap before GC invocations=8 (full 1):
 PSYoungGen      total 140800K, used 74605K [0x000000076c600000, 0x0000000778780000, 0x00000007c0000000)
  eden space 130560K, 49% used [0x000000076c600000,0x00000007704de450,0x0000000774580000)
  from space 10240K, 99% used [0x0000000775180000,0x0000000775b7d210,0x0000000775b80000)
  to   space 12288K, 0% used [0x0000000774580000,0x0000000774580000,0x0000000775180000)
 ParOldGen       total 105472K, used 10479K [0x00000006c5200000, 0x00000006cb900000, 0x000000076c600000)
  object space 105472K, 9% used [0x00000006c5200000,0x00000006c5c3be58,0x00000006cb900000)
 Metaspace       used 33883K, capacity 35324K, committed 35416K, reserved 1079296K
  class space    used 4345K, capacity 4638K, committed 4696K, reserved 1048576K
Event: 11.280 GC heap after
Heap after GC invocations=8 (full 1):
 PSYoungGen      total 142848K, used 12061K [0x000000076c600000, 0x0000000779580000, 0x00000007c0000000)
  eden space 130560K, 0% used [0x000000076c600000,0x000000076c600000,0x0000000774580000)
  from space 12288K, 98% used [0x0000000774580000,0x0000000775147400,0x0000000775180000)
  to   space 13824K, 0% used [0x0000000778800000,0x0000000778800000,0x0000000779580000)
 ParOldGen       total 105472K, used 10487K [0x00000006c5200000, 0x00000006cb900000, 0x000000076c600000)
  object space 105472K, 9% used [0x00000006c5200000,0x00000006c5c3de58,0x00000006cb900000)
 Metaspace       used 33883K, capacity 35324K, committed 35416K, reserved 1079296K
  class space    used 4345K, capacity 4638K, committed 4696K, reserved 1048576K
}
Event: 11.280 GC heap before
{Heap before GC invocations=9 (full 2):
 PSYoungGen      total 142848K, used 12061K [0x000000076c600000, 0x0000000779580000, 0x00000007c0000000)
  eden space 130560K, 0% used [0x000000076c600000,0x000000076c600000,0x0000000774580000)
  from space 12288K, 98% used [0x0000000774580000,0x0000000775147400,0x0000000775180000)
  to   space 13824K, 0% used [0x0000000778800000,0x0000000778800000,0x0000000779580000)
 ParOldGen       total 105472K, used 10487K [0x00000006c5200000, 0x00000006cb900000, 0x000000076c600000)
  object space 105472K, 9% used [0x00000006c5200000,0x00000006c5c3de58,0x00000006cb900000)
 Metaspace       used 33883K, capacity 35324K, committed 35416K, reserved 1079296K
  class space    used 4345K, capacity 4638K, committed 4696K, reserved 1048576K
Event: 11.356 GC heap after
Heap after GC invocations=9 (full 2):
 PSYoungGen      total 142848K, used 0K [0x000000076c600000, 0x0000000779580000, 0x00000007c0000000)
  eden space 130560K, 0% used [0x000000076c600000,0x000000076c600000,0x0000000774580000)
  from space 12288K, 0% used [0x0000000774580000,0x0000000774580000,0x0000000775180000)
  to   space 13824K, 0% used [0x0000000778800000,0x0000000778800000,0x0000000779580000)
 ParOldGen       total 168960K, used 17007K [0x00000006c5200000, 0x00000006cf700000, 0x000000076c600000)
  object space 168960K, 10% used [0x00000006c5200000,0x00000006c629bf08,0x00000006cf700000)
 Metaspace       used 33883K, capacity 35324K, committed 35416K, reserved 1079296K
  class space    used 4345K, capacity 4638K, committed 4696K, reserved 1048576K
}
Event: 14.191 GC heap before
{Heap before GC invocations=10 (full 2):
 PSYoungGen      total 142848K, used 130560K [0x000000076c600000, 0x0000000779580000, 0x00000007c0000000)
  eden space 130560K, 100% used [0x000000076c600000,0x0000000774580000,0x0000000774580000)
  from space 12288K, 0% used [0x0000000774580000,0x0000000774580000,0x0000000775180000)
  to   space 13824K, 0% used [0x0000000778800000,0x0000000778800000,0x0000000779580000)
 ParOldGen       total 168960K, used 17007K [0x00000006c5200000, 0x00000006cf700000, 0x000000076c600000)
  object space 168960K, 10% used [0x00000006c5200000,0x00000006c629bf08,0x00000006cf700000)
 Metaspace       used 39767K, capacity 41320K, committed 41560K, reserved 1085440K
  class space    used 5083K, capacity 5400K, committed 5464K, reserved 1048576K
Event: 14.204 GC heap after
Heap after GC invocations=10 (full 2):
 PSYoungGen      total 197120K, used 13798K [0x000000076c600000, 0x0000000779880000, 0x00000007c0000000)
  eden space 183296K, 0% used [0x000000076c600000,0x000000076c600000,0x0000000777900000)
  from space 13824K, 99% used [0x0000000778800000,0x00000007795799a0,0x0000000779580000)
  to   space 15360K, 0% used [0x0000000777900000,0x0000000777900000,0x0000000778800000)
 ParOldGen       total 168960K, used 17175K [0x00000006c5200000, 0x00000006cf700000, 0x000000076c600000)
  object space 168960K, 10% used [0x00000006c5200000,0x00000006c62c5cc8,0x00000006cf700000)
 Metaspace       used 39767K, capacity 41320K, committed 41560K, reserved 1085440K
  class space    used 5083K, capacity 5400K, committed 5464K, reserved 1048576K
}

