# JRE version: Java(TM) SE Runtime Environment (8.0_91-b15) (build 1.8.0_91-b15)
# Java VM: Java HotSpot(TM) 64-Bit Server VM (25.91-b15 mixed mode windows-amd64 compressed oops)
Heap:
 PSYoungGen      total 268800K, used 249600K [0x000000076c600000, 0x000000077f580000, 0x00000007c0000000)
  eden space 258048K, 92% used [0x000000076c600000,0x000000077af47008,0x000000077c200000)
  from space 10752K, 99% used [0x000000077c200000,0x000000077cc790b0,0x000000077cc80000)
  to   space 15360K, 0% used [0x000000077e680000,0x000000077e680000,0x000000077f580000)
 ParOldGen       total 103424K, used 26440K [0x00000006c5200000, 0x00000006cb700000, 0x000000076c600000)
  object space 103424K, 25% used [0x00000006c5200000,0x00000006c6bd2220,0x00000006cb700000)
 Metaspace       used 46170K, capacity 48302K, committed 48344K, reserved 1091584K
  class space    used 5972K, capacity 6341K, committed 6360K, reserved 1048576K
GC Heap History (10 events):
Event: 3.751 GC heap before
{Heap before GC invocations=5 (full 1):
 PSYoungGen      total 139776K, used 129024K [0x000000076c600000, 0x000000077d700000, 0x00000007c0000000)
  eden space 129024K, 100% used [0x000000076c600000,0x0000000774400000,0x0000000774400000)
  from space 10752K, 0% used [0x0000000774400000,0x0000000774400000,0x0000000774e80000)
  to   space 10752K, 0% used [0x000000077cc80000,0x000000077cc80000,0x000000077d700000)
 ParOldGen       total 103424K, used 8244K [0x00000006c5200000, 0x00000006cb700000, 0x000000076c600000)
  object space 103424K, 7% used [0x00000006c5200000,0x00000006c5a0d208,0x00000006cb700000)
 Metaspace       used 25329K, capacity 26044K, committed 26240K, reserved 1073152K
  class space    used 3211K, capacity 3408K, committed 3456K, reserved 1048576K
Event: 3.762 GC heap after
Heap after GC invocations=5 (full 1):
 PSYoungGen      total 203264K, used 10363K [0x000000076c600000, 0x000000077d700000, 0x00000007c0000000)
  eden space 192512K, 0% used [0x000000076c600000,0x000000076c600000,0x0000000778200000)
  from space 10752K, 96% used [0x000000077cc80000,0x000000077d69edf8,0x000000077d700000)
  to   space 10752K, 0% used [0x000000077c200000,0x000000077c200000,0x000000077cc80000)
 ParOldGen       total 103424K, used 8252K [0x00000006c5200000, 0x00000006cb700000, 0x000000076c600000)
  object space 103424K, 7% used [0x00000006c5200000,0x00000006c5a0f208,0x00000006cb700000)
 Metaspace       used 25329K, capacity 26044K, committed 26240K, reserved 1073152K
  class space    used 3211K, capacity 3408K, committed 3456K, reserved 1048576K
}
Event: 6.274 GC heap before
{Heap before GC invocations=6 (full 1):
 PSYoungGen      total 203264K, used 202875K [0x000000076c600000, 0x000000077d700000, 0x00000007c0000000)
  eden space 192512K, 100% used [0x000000076c600000,0x0000000778200000,0x0000000778200000)
  from space 10752K, 96% used [0x000000077cc80000,0x000000077d69edf8,0x000000077d700000)
  to   space 10752K, 0% used [0x000000077c200000,0x000000077c200000,0x000000077cc80000)
 ParOldGen       total 103424K, used 8252K [0x00000006c5200000, 0x00000006cb700000, 0x000000076c600000)
  object space 103424K, 7% used [0x00000006c5200000,0x00000006c5a0f208,0x00000006cb700000)
 Metaspace       used 33272K, capacity 34526K, committed 34816K, reserved 1079296K
  class space    used 4244K, capacity 4523K, committed 4608K, reserved 1048576K
Event: 6.295 GC heap after
Heap after GC invocations=6 (full 1):
 PSYoungGen      total 268800K, used 10747K [0x000000076c600000, 0x000000077f580000, 0x00000007c0000000)
  eden space 258048K, 0% used [0x000000076c600000,0x000000076c600000,0x000000077c200000)
  from space 10752K, 99% used [0x000000077c200000,0x000000077cc7ec98,0x000000077cc80000)
  to   space 15360K, 0% used [0x000000077e680000,0x000000077e680000,0x000000077f580000)
 ParOldGen       total 103424K, used 14080K [0x00000006c5200000, 0x00000006cb700000, 0x000000076c600000)
  object space 103424K, 13% used [0x00000006c5200000,0x00000006c5fc0348,0x00000006cb700000)
 Metaspace       used 33272K, capacity 34526K, committed 34816K, reserved 1079296K
  class space    used 4244K, capacity 4523K, committed 4608K, reserved 1048576K
}
Event: 6.504 GC heap before
{Heap before GC invocations=7 (full 1):
 PSYoungGen      total 268800K, used 40184K [0x000000076c600000, 0x000000077f580000, 0x00000007c0000000)
  eden space 258048K, 11% used [0x000000076c600000,0x000000076e2bf570,0x000000077c200000)
  from space 10752K, 99% used [0x000000077c200000,0x000000077cc7ec98,0x000000077cc80000)
  to   space 15360K, 0% used [0x000000077e680000,0x000000077e680000,0x000000077f580000)
 ParOldGen       total 103424K, used 14080K [0x00000006c5200000, 0x00000006cb700000, 0x000000076c600000)
  object space 103424K, 13% used [0x00000006c5200000,0x00000006c5fc0348,0x00000006cb700000)
 Metaspace       used 33837K, capacity 35316K, committed 35416K, reserved 1079296K
  class space    used 4342K, capacity 4638K, committed 4696K, reserved 1048576K
Event: 6.522 GC heap after
Heap after GC invocations=7 (full 1):
 PSYoungGen      total 273408K, used 11015K [0x000000076c600000, 0x000000077f580000, 0x00000007c0000000)
  eden space 258048K, 0% used [0x000000076c600000,0x000000076c600000,0x000000077c200000)
  from space 15360K, 71% used [0x000000077e680000,0x000000077f141c48,0x000000077f580000)
  to   space 10752K, 0% used [0x000000077c200000,0x000000077c200000,0x000000077cc80000)
 ParOldGen       total 103424K, used 14088K [0x00000006c5200000, 0x00000006cb700000, 0x000000076c600000)
  object space 103424K, 13% used [0x00000006c5200000,0x00000006c5fc2348,0x00000006cb700000)
 Metaspace       used 33837K, capacity 35316K, committed 35416K, reserved 1079296K
  class space    used 4342K, capacity 4638K, committed 4696K, reserved 1048576K
}
Event: 6.522 GC heap before
{Heap before GC invocations=8 (full 2):
 PSYoungGen      total 273408K, used 11015K [0x000000076c600000, 0x000000077f580000, 0x00000007c0000000)
  eden space 258048K, 0% used [0x000000076c600000,0x000000076c600000,0x000000077c200000)
  from space 15360K, 71% used [0x000000077e680000,0x000000077f141c48,0x000000077f580000)
  to   space 10752K, 0% used [0x000000077c200000,0x000000077c200000,0x000000077cc80000)
 ParOldGen       total 103424K, used 14088K [0x00000006c5200000, 0x00000006cb700000, 0x000000076c600000)
  object space 103424K, 13% used [0x00000006c5200000,0x00000006c5fc2348,0x00000006cb700000)
 Metaspace       used 33837K, capacity 35316K, committed 35416K, reserved 1079296K
  class space    used 4342K, capacity 4638K, committed 4696K, reserved 1048576K
Event: 6.613 GC heap after
Heap after GC invocations=8 (full 2):
 PSYoungGen      total 273408K, used 0K [0x000000076c600000, 0x000000077f580000, 0x00000007c0000000)
  eden space 258048K, 0% used [0x000000076c600000,0x000000076c600000,0x000000077c200000)
  from space 15360K, 0% used [0x000000077e680000,0x000000077e680000,0x000000077f580000)
  to   space 10752K, 0% used [0x000000077c200000,0x000000077c200000,0x000000077cc80000)
 ParOldGen       total 103424K, used 15974K [0x00000006c5200000, 0x00000006cb700000, 0x000000076c600000)
  object space 103424K, 15% used [0x00000006c5200000,0x00000006c6199a70,0x00000006cb700000)
 Metaspace       used 33837K, capacity 35316K, committed 35416K, reserved 1079296K
  class space    used 4342K, capacity 4638K, committed 4696K, reserved 1048576K
}
Event: 10.888 GC heap before
{Heap before GC invocations=9 (full 2):
 PSYoungGen      total 273408K, used 258048K [0x000000076c600000, 0x000000077f580000, 0x00000007c0000000)
  eden space 258048K, 100% used [0x000000076c600000,0x000000077c200000,0x000000077c200000)
  from space 15360K, 0% used [0x000000077e680000,0x000000077e680000,0x000000077f580000)
  to   space 10752K, 0% used [0x000000077c200000,0x000000077c200000,0x000000077cc80000)
 ParOldGen       total 103424K, used 15974K [0x00000006c5200000, 0x00000006cb700000, 0x000000076c600000)
  object space 103424K, 15% used [0x00000006c5200000,0x00000006c6199a70,0x00000006cb700000)
 Metaspace       used 42327K, capacity 43870K, committed 44120K, reserved 1087488K
  class space    used 5399K, capacity 5715K, committed 5720K, reserved 1048576K
Event: 10.917 GC heap after
Heap after GC invocations=9 (full 2):
 PSYoungGen      total 268800K, used 10724K [0x000000076c600000, 0x000000077f580000, 0x00000007c0000000)
  eden space 258048K, 0% used [0x000000076c600000,0x000000076c600000,0x000000077c200000)
  from space 10752K, 99% used [0x000000077c200000,0x000000077cc790b0,0x000000077cc80000)
  to   space 15360K, 0% used [0x000000077e680000,0x000000077e680000,0x000000077f580000)
 ParOldGen       total 103424K, used 26440K [0x00000006c5200000, 0x00000006cb700000, 0x000000076c600000)
  object space 103424K, 25% used [0x00000006c5200000,0x00000006c6bd2220,0x00000006cb700000)
 Metaspace       used 42327K, capacity 43870K, committed 44120K, reserved 1087488K
  class space    used 5399K, capacity 5715K, committed 5720K, reserved 1048576K
}

