# JRE version: Java(TM) SE Runtime Environment (8.0_91-b15) (build 1.8.0_91-b15)
# Java VM: Java HotSpot(TM) 64-Bit Server VM (25.91-b15 mixed mode windows-amd64 compressed oops)
Heap:
 PSYoungGen      total 442368K, used 67250K [0x000000076c600000, 0x0000000789500000, 0x00000007c0000000)
  eden space 421888K, 11% used [0x000000076c600000,0x000000076f3b4330,0x0000000786200000)
  from space 20480K, 99% used [0x0000000787e00000,0x00000007891f8590,0x0000000789200000)
  to   space 26112K, 0% used [0x0000000786200000,0x0000000786200000,0x0000000787b80000)
 ParOldGen       total 156160K, used 29944K [0x00000006c5200000, 0x00000006cea80000, 0x000000076c600000)
  object space 156160K, 19% used [0x00000006c5200000,0x00000006c6f3e110,0x00000006cea80000)
 Metaspace       used 50545K, capacity 52796K, committed 52824K, reserved 1095680K
  class space    used 6602K, capacity 6998K, committed 7000K, reserved 1048576K
GC Heap History (10 events):
Event: 6.183 GC heap before
{Heap before GC invocations=6 (full 1):
 PSYoungGen      total 204800K, used 204386K [0x000000076c600000, 0x000000077d700000, 0x00000007c0000000)
  eden space 194048K, 100% used [0x000000076c600000,0x0000000778380000,0x0000000778380000)
  from space 10752K, 96% used [0x000000077cc80000,0x000000077d698898,0x000000077d700000)
  to   space 10752K, 0% used [0x000000077c200000,0x000000077c200000,0x000000077cc80000)
 ParOldGen       total 103936K, used 8145K [0x00000006c5200000, 0x00000006cb780000, 0x000000076c600000)
  object space 103936K, 7% used [0x00000006c5200000,0x00000006c59f4598,0x00000006cb780000)
 Metaspace       used 33271K, capacity 34526K, committed 34816K, reserved 1079296K
  class space    used 4242K, capacity 4523K, committed 4608K, reserved 1048576K
Event: 6.205 GC heap after
Heap after GC invocations=6 (full 1):
 PSYoungGen      total 268800K, used 10729K [0x000000076c600000, 0x000000077f900000, 0x00000007c0000000)
  eden space 258048K, 0% used [0x000000076c600000,0x000000076c600000,0x000000077c200000)
  from space 10752K, 99% used [0x000000077c200000,0x000000077cc7a438,0x000000077cc80000)
  to   space 15360K, 0% used [0x000000077ea00000,0x000000077ea00000,0x000000077f900000)
 ParOldGen       total 103936K, used 13883K [0x00000006c5200000, 0x00000006cb780000, 0x000000076c600000)
  object space 103936K, 13% used [0x00000006c5200000,0x00000006c5f8ee70,0x00000006cb780000)
 Metaspace       used 33271K, capacity 34526K, committed 34816K, reserved 1079296K
  class space    used 4242K, capacity 4523K, committed 4608K, reserved 1048576K
}
Event: 6.438 GC heap before
{Heap before GC invocations=7 (full 1):
 PSYoungGen      total 268800K, used 43927K [0x000000076c600000, 0x000000077f900000, 0x00000007c0000000)
  eden space 258048K, 12% used [0x000000076c600000,0x000000076e66ba00,0x000000077c200000)
  from space 10752K, 99% used [0x000000077c200000,0x000000077cc7a438,0x000000077cc80000)
  to   space 15360K, 0% used [0x000000077ea00000,0x000000077ea00000,0x000000077f900000)
 ParOldGen       total 103936K, used 13883K [0x00000006c5200000, 0x00000006cb780000, 0x000000076c600000)
  object space 103936K, 13% used [0x00000006c5200000,0x00000006c5f8ee70,0x00000006cb780000)
 Metaspace       used 33841K, capacity 35328K, committed 35416K, reserved 1079296K
  class space    used 4339K, capacity 4640K, committed 4696K, reserved 1048576K
Event: 6.450 GC heap after
Heap after GC invocations=7 (full 1):
 PSYoungGen      total 299520K, used 11047K [0x000000076c600000, 0x0000000786680000, 0x00000007c0000000)
  eden space 284160K, 0% used [0x000000076c600000,0x000000076c600000,0x000000077db80000)
  from space 15360K, 71% used [0x000000077ea00000,0x000000077f4c9c48,0x000000077f900000)
  to   space 14848K, 0% used [0x000000077db80000,0x000000077db80000,0x000000077ea00000)
 ParOldGen       total 103936K, used 13891K [0x00000006c5200000, 0x00000006cb780000, 0x000000076c600000)
  object space 103936K, 13% used [0x00000006c5200000,0x00000006c5f90e70,0x00000006cb780000)
 Metaspace       used 33841K, capacity 35328K, committed 35416K, reserved 1079296K
  class space    used 4339K, capacity 4640K, committed 4696K, reserved 1048576K
}
Event: 6.450 GC heap before
{Heap before GC invocations=8 (full 2):
 PSYoungGen      total 299520K, used 11047K [0x000000076c600000, 0x0000000786680000, 0x00000007c0000000)
  eden space 284160K, 0% used [0x000000076c600000,0x000000076c600000,0x000000077db80000)
  from space 15360K, 71% used [0x000000077ea00000,0x000000077f4c9c48,0x000000077f900000)
  to   space 14848K, 0% used [0x000000077db80000,0x000000077db80000,0x000000077ea00000)
 ParOldGen       total 103936K, used 13891K [0x00000006c5200000, 0x00000006cb780000, 0x000000076c600000)
  object space 103936K, 13% used [0x00000006c5200000,0x00000006c5f90e70,0x00000006cb780000)
 Metaspace       used 33841K, capacity 35328K, committed 35416K, reserved 1079296K
  class space    used 4339K, capacity 4640K, committed 4696K, reserved 1048576K
Event: 6.525 GC heap after
Heap after GC invocations=8 (full 2):
 PSYoungGen      total 299520K, used 0K [0x000000076c600000, 0x0000000786680000, 0x00000007c0000000)
  eden space 284160K, 0% used [0x000000076c600000,0x000000076c600000,0x000000077db80000)
  from space 15360K, 0% used [0x000000077ea00000,0x000000077ea00000,0x000000077f900000)
  to   space 14848K, 0% used [0x000000077db80000,0x000000077db80000,0x000000077ea00000)
 ParOldGen       total 156160K, used 15978K [0x00000006c5200000, 0x00000006cea80000, 0x000000076c600000)
  object space 156160K, 10% used [0x00000006c5200000,0x00000006c619a8c8,0x00000006cea80000)
 Metaspace       used 33841K, capacity 35328K, committed 35416K, reserved 1079296K
  class space    used 4339K, capacity 4640K, committed 4696K, reserved 1048576K
}
Event: 11.176 GC heap before
{Heap before GC invocations=9 (full 2):
 PSYoungGen      total 299520K, used 284160K [0x000000076c600000, 0x0000000786680000, 0x00000007c0000000)
  eden space 284160K, 100% used [0x000000076c600000,0x000000077db80000,0x000000077db80000)
  from space 15360K, 0% used [0x000000077ea00000,0x000000077ea00000,0x000000077f900000)
  to   space 14848K, 0% used [0x000000077db80000,0x000000077db80000,0x000000077ea00000)
 ParOldGen       total 156160K, used 15978K [0x00000006c5200000, 0x00000006cea80000, 0x000000076c600000)
  object space 156160K, 10% used [0x00000006c5200000,0x00000006c619a8c8,0x00000006cea80000)
 Metaspace       used 42456K, capacity 44004K, committed 44120K, reserved 1087488K
  class space    used 5403K, capacity 5716K, committed 5720K, reserved 1048576K
Event: 11.197 GC heap after
Heap after GC invocations=9 (full 2):
 PSYoungGen      total 299008K, used 14820K [0x000000076c600000, 0x0000000789200000, 0x00000007c0000000)
  eden space 284160K, 0% used [0x000000076c600000,0x000000076c600000,0x000000077db80000)
  from space 14848K, 99% used [0x000000077db80000,0x000000077e9f90a0,0x000000077ea00000)
  to   space 20480K, 0% used [0x0000000787e00000,0x0000000787e00000,0x0000000789200000)
 ParOldGen       total 156160K, used 23209K [0x00000006c5200000, 0x00000006cea80000, 0x000000076c600000)
  object space 156160K, 14% used [0x00000006c5200000,0x00000006c68aa490,0x00000006cea80000)
 Metaspace       used 42456K, capacity 44004K, committed 44120K, reserved 1087488K
  class space    used 5403K, capacity 5716K, committed 5720K, reserved 1048576K
}
Event: 14.991 GC heap before
{Heap before GC invocations=10 (full 2):
 PSYoungGen      total 299008K, used 298980K [0x000000076c600000, 0x0000000789200000, 0x00000007c0000000)
  eden space 284160K, 100% used [0x000000076c600000,0x000000077db80000,0x000000077db80000)
  from space 14848K, 99% used [0x000000077db80000,0x000000077e9f90a0,0x000000077ea00000)
  to   space 20480K, 0% used [0x0000000787e00000,0x0000000787e00000,0x0000000789200000)
 ParOldGen       total 156160K, used 23209K [0x00000006c5200000, 0x00000006cea80000, 0x000000076c600000)
  object space 156160K, 14% used [0x00000006c5200000,0x00000006c68aa490,0x00000006cea80000)
 Metaspace       used 49892K, capacity 52182K, committed 52312K, reserved 1095680K
  class space    used 6502K, capacity 6901K, committed 7000K, reserved 1048576K
Event: 15.034 GC heap after
Heap after GC invocations=10 (full 2):
 PSYoungGen      total 442368K, used 20449K [0x000000076c600000, 0x0000000789500000, 0x00000007c0000000)
  eden space 421888K, 0% used [0x000000076c600000,0x000000076c600000,0x0000000786200000)
  from space 20480K, 99% used [0x0000000787e00000,0x00000007891f8590,0x0000000789200000)
  to   space 26112K, 0% used [0x0000000786200000,0x0000000786200000,0x0000000787b80000)
 ParOldGen       total 156160K, used 29944K [0x00000006c5200000, 0x00000006cea80000, 0x000000076c600000)
  object space 156160K, 19% used [0x00000006c5200000,0x00000006c6f3e110,0x00000006cea80000)
 Metaspace       used 49892K, capacity 52182K, committed 52312K, reserved 1095680K
  class space    used 6502K, capacity 6901K, committed 7000K, reserved 1048576K
}

