# JRE version: Java(TM) SE Runtime Environment (8.0_91-b15) (build 1.8.0_91-b15)
# Java VM: Java HotSpot(TM) 64-Bit Server VM (25.91-b15 mixed mode windows-amd64 compressed oops)
Heap:
 PSYoungGen      total 440320K, used 86492K [0x000000076c600000, 0x0000000789300000, 0x00000007c0000000)
  eden space 419840K, 15% used [0x000000076c600000,0x000000077067cc28,0x0000000786000000)
  from space 20480K, 99% used [0x0000000787900000,0x0000000788cfa700,0x0000000788d00000)
  to   space 25600K, 0% used [0x0000000786000000,0x0000000786000000,0x0000000787900000)
 ParOldGen       total 156672K, used 29811K [0x00000006c5200000, 0x00000006ceb00000, 0x000000076c600000)
  object space 156672K, 19% used [0x00000006c5200000,0x00000006c6f1ce88,0x00000006ceb00000)
 Metaspace       used 51364K, capacity 53670K, committed 53720K, reserved 1095680K
  class space    used 6707K, capacity 7111K, committed 7128K, reserved 1048576K
GC Heap History (10 events):
Event: 6.793 GC heap before
{Heap before GC invocations=6 (full 1):
 PSYoungGen      total 202240K, used 201832K [0x000000076c600000, 0x000000077d700000, 0x00000007c0000000)
  eden space 191488K, 100% used [0x000000076c600000,0x0000000778100000,0x0000000778100000)
  from space 10752K, 96% used [0x000000077cc80000,0x000000077d69a360,0x000000077d700000)
  to   space 10752K, 0% used [0x000000077c200000,0x000000077c200000,0x000000077cc80000)
 ParOldGen       total 103424K, used 8109K [0x00000006c5200000, 0x00000006cb700000, 0x000000076c600000)
  object space 103424K, 7% used [0x00000006c5200000,0x00000006c59eb780,0x00000006cb700000)
 Metaspace       used 33251K, capacity 34462K, committed 34560K, reserved 1079296K
  class space    used 4243K, capacity 4523K, committed 4608K, reserved 1048576K
Event: 6.818 GC heap after
Heap after GC invocations=6 (full 1):
 PSYoungGen      total 268800K, used 10725K [0x000000076c600000, 0x000000077f580000, 0x00000007c0000000)
  eden space 258048K, 0% used [0x000000076c600000,0x000000076c600000,0x000000077c200000)
  from space 10752K, 99% used [0x000000077c200000,0x000000077cc79520,0x000000077cc80000)
  to   space 15360K, 0% used [0x000000077e680000,0x000000077e680000,0x000000077f580000)
 ParOldGen       total 103424K, used 13804K [0x00000006c5200000, 0x00000006cb700000, 0x000000076c600000)
  object space 103424K, 13% used [0x00000006c5200000,0x00000006c5f7b038,0x00000006cb700000)
 Metaspace       used 33251K, capacity 34462K, committed 34560K, reserved 1079296K
  class space    used 4243K, capacity 4523K, committed 4608K, reserved 1048576K
}
Event: 7.113 GC heap before
{Heap before GC invocations=7 (full 1):
 PSYoungGen      total 268800K, used 49338K [0x000000076c600000, 0x000000077f580000, 0x00000007c0000000)
  eden space 258048K, 14% used [0x000000076c600000,0x000000076ebb5498,0x000000077c200000)
  from space 10752K, 99% used [0x000000077c200000,0x000000077cc79520,0x000000077cc80000)
  to   space 15360K, 0% used [0x000000077e680000,0x000000077e680000,0x000000077f580000)
 ParOldGen       total 103424K, used 13804K [0x00000006c5200000, 0x00000006cb700000, 0x000000076c600000)
  object space 103424K, 13% used [0x00000006c5200000,0x00000006c5f7b038,0x00000006cb700000)
 Metaspace       used 33835K, capacity 35336K, committed 35416K, reserved 1079296K
  class space    used 4343K, capacity 4640K, committed 4696K, reserved 1048576K
Event: 7.124 GC heap after
Heap after GC invocations=7 (full 1):
 PSYoungGen      total 295936K, used 10983K [0x000000076c600000, 0x0000000786300000, 0x00000007c0000000)
  eden space 280576K, 0% used [0x000000076c600000,0x000000076c600000,0x000000077d800000)
  from space 15360K, 71% used [0x000000077e680000,0x000000077f139c48,0x000000077f580000)
  to   space 14848K, 0% used [0x000000077d800000,0x000000077d800000,0x000000077e680000)
 ParOldGen       total 103424K, used 13812K [0x00000006c5200000, 0x00000006cb700000, 0x000000076c600000)
  object space 103424K, 13% used [0x00000006c5200000,0x00000006c5f7d038,0x00000006cb700000)
 Metaspace       used 33835K, capacity 35336K, committed 35416K, reserved 1079296K
  class space    used 4343K, capacity 4640K, committed 4696K, reserved 1048576K
}
Event: 7.124 GC heap before
{Heap before GC invocations=8 (full 2):
 PSYoungGen      total 295936K, used 10983K [0x000000076c600000, 0x0000000786300000, 0x00000007c0000000)
  eden space 280576K, 0% used [0x000000076c600000,0x000000076c600000,0x000000077d800000)
  from space 15360K, 71% used [0x000000077e680000,0x000000077f139c48,0x000000077f580000)
  to   space 14848K, 0% used [0x000000077d800000,0x000000077d800000,0x000000077e680000)
 ParOldGen       total 103424K, used 13812K [0x00000006c5200000, 0x00000006cb700000, 0x000000076c600000)
  object space 103424K, 13% used [0x00000006c5200000,0x00000006c5f7d038,0x00000006cb700000)
 Metaspace       used 33835K, capacity 35336K, committed 35416K, reserved 1079296K
  class space    used 4343K, capacity 4640K, committed 4696K, reserved 1048576K
Event: 7.194 GC heap after
Heap after GC invocations=8 (full 2):
 PSYoungGen      total 295936K, used 0K [0x000000076c600000, 0x0000000786300000, 0x00000007c0000000)
  eden space 280576K, 0% used [0x000000076c600000,0x000000076c600000,0x000000077d800000)
  from space 15360K, 0% used [0x000000077e680000,0x000000077e680000,0x000000077f580000)
  to   space 14848K, 0% used [0x000000077d800000,0x000000077d800000,0x000000077e680000)
 ParOldGen       total 156672K, used 15951K [0x00000006c5200000, 0x00000006ceb00000, 0x000000076c600000)
  object space 156672K, 10% used [0x00000006c5200000,0x00000006c6193fe0,0x00000006ceb00000)
 Metaspace       used 33835K, capacity 35336K, committed 35416K, reserved 1079296K
  class space    used 4343K, capacity 4640K, committed 4696K, reserved 1048576K
}
Event: 11.390 GC heap before
{Heap before GC invocations=9 (full 2):
 PSYoungGen      total 295936K, used 280576K [0x000000076c600000, 0x0000000786300000, 0x00000007c0000000)
  eden space 280576K, 100% used [0x000000076c600000,0x000000077d800000,0x000000077d800000)
  from space 15360K, 0% used [0x000000077e680000,0x000000077e680000,0x000000077f580000)
  to   space 14848K, 0% used [0x000000077d800000,0x000000077d800000,0x000000077e680000)
 ParOldGen       total 156672K, used 15951K [0x00000006c5200000, 0x00000006ceb00000, 0x000000076c600000)
  object space 156672K, 10% used [0x00000006c5200000,0x00000006c6193fe0,0x00000006ceb00000)
 Metaspace       used 42477K, capacity 44076K, committed 44120K, reserved 1087488K
  class space    used 5407K, capacity 5716K, committed 5720K, reserved 1048576K
Event: 11.417 GC heap after
Heap after GC invocations=9 (full 2):
 PSYoungGen      total 295424K, used 14841K [0x000000076c600000, 0x0000000788d00000, 0x00000007c0000000)
  eden space 280576K, 0% used [0x000000076c600000,0x000000076c600000,0x000000077d800000)
  from space 14848K, 99% used [0x000000077d800000,0x000000077e67e7e0,0x000000077e680000)
  to   space 20480K, 0% used [0x0000000787900000,0x0000000787900000,0x0000000788d00000)
 ParOldGen       total 156672K, used 23281K [0x00000006c5200000, 0x00000006ceb00000, 0x000000076c600000)
  object space 156672K, 14% used [0x00000006c5200000,0x00000006c68bc5c0,0x00000006ceb00000)
 Metaspace       used 42477K, capacity 44076K, committed 44120K, reserved 1087488K
  class space    used 5407K, capacity 5716K, committed 5720K, reserved 1048576K
}
Event: 13.673 GC heap before
{Heap before GC invocations=10 (full 2):
 PSYoungGen      total 295424K, used 295417K [0x000000076c600000, 0x0000000788d00000, 0x00000007c0000000)
  eden space 280576K, 100% used [0x000000076c600000,0x000000077d800000,0x000000077d800000)
  from space 14848K, 99% used [0x000000077d800000,0x000000077e67e7e0,0x000000077e680000)
  to   space 20480K, 0% used [0x0000000787900000,0x0000000787900000,0x0000000788d00000)
 ParOldGen       total 156672K, used 23281K [0x00000006c5200000, 0x00000006ceb00000, 0x000000076c600000)
  object space 156672K, 14% used [0x00000006c5200000,0x00000006c68bc5c0,0x00000006ceb00000)
 Metaspace       used 49905K, capacity 52126K, committed 52312K, reserved 1095680K
  class space    used 6509K, capacity 6901K, committed 7000K, reserved 1048576K
Event: 13.704 GC heap after
Heap after GC invocations=10 (full 2):
 PSYoungGen      total 440320K, used 20457K [0x000000076c600000, 0x0000000789300000, 0x00000007c0000000)
  eden space 419840K, 0% used [0x000000076c600000,0x000000076c600000,0x0000000786000000)
  from space 20480K, 99% used [0x0000000787900000,0x0000000788cfa700,0x0000000788d00000)
  to   space 25600K, 0% used [0x0000000786000000,0x0000000786000000,0x0000000787900000)
 ParOldGen       total 156672K, used 29811K [0x00000006c5200000, 0x00000006ceb00000, 0x000000076c600000)
  object space 156672K, 19% used [0x00000006c5200000,0x00000006c6f1ce88,0x00000006ceb00000)
 Metaspace       used 49905K, capacity 52126K, committed 52312K, reserved 1095680K
  class space    used 6509K, capacity 6901K, committed 7000K, reserved 1048576K
}

